Shell started on adroit-h11g1 at Sun May  3 01:24:54 PM EDT 2026
Starting Python...

============================================================
  STEP 1: Data Loading and Preprocessing
============================================================
  Loading processed panel from data/processed/panel_processed.parquet...
  4,221,335 stock-months, 91 characteristics
  Train: 2,640,591 obs (197201-200512)
  Val:   403,373 obs (200601-201012)
  Test:  1,177,371 obs (201101-202312)

  Converting to tensors...

============================================================
  STEP 2: Managed Portfolio Construction
============================================================

  Dataset sizes: train=2,640,591, val=403,373, test=1,177,371

============================================================
  STEP 3: Training CA2 with K=5
============================================================

  Training IPCA K=1...
    R²_total=3.19%, R²_pred=-0.03%, SR_pred=-5.21, SR_chars=1.24, SR_contemp=5.36

  Training IPCA K=2...
    R²_total=5.52%, R²_pred=0.29%, SR_pred=7.91, SR_chars=1.24, SR_contemp=7.12

  Training IPCA K=3...
    R²_total=5.93%, R²_pred=0.45%, SR_pred=2.48, SR_chars=1.24, SR_contemp=7.59

  Training IPCA K=4...
    R²_total=6.26%, R²_pred=1.39%, SR_pred=8.27, SR_chars=1.24, SR_contemp=7.62

  Training IPCA K=5...
    R²_total=6.32%, R²_pred=0.08%, SR_pred=1.11, SR_chars=1.24, SR_contemp=7.58

  Training IPCA K=6...
    R²_total=6.20%, R²_pred=0.25%, SR_pred=2.44, SR_chars=1.24, SR_contemp=7.48

  Training CA0 K=1...
    R²_total=11.76%, R²_pred=0.06%, SR_pred=1.64, SR_chars=1.24, SR_contemp=2.72

  Training CA0 K=2...
    R²_total=14.39%, R²_pred=0.37%, SR_pred=1.74, SR_chars=1.24, SR_contemp=6.47

  Training CA0 K=3...
    R²_total=15.02%, R²_pred=0.14%, SR_pred=3.44, SR_chars=1.24, SR_contemp=7.28

  Training CA0 K=4...
    R²_total=15.28%, R²_pred=0.89%, SR_pred=2.76, SR_chars=1.24, SR_contemp=7.39

  Training CA0 K=5...
    R²_total=15.23%, R²_pred=0.24%, SR_pred=4.67, SR_chars=1.24, SR_contemp=7.30

  Training CA0 K=6...
    R²_total=15.47%, R²_pred=0.42%, SR_pred=1.67, SR_chars=1.24, SR_contemp=7.42

  Training CA1 K=1...
    R²_total=11.95%, R²_pred=-0.01%, SR_pred=-0.97, SR_chars=1.24, SR_contemp=3.18

  Training CA1 K=2...
    R²_total=20.26%, R²_pred=-0.90%, SR_pred=2.25, SR_chars=1.24, SR_contemp=8.38

  Training CA1 K=3...
    R²_total=21.90%, R²_pred=2.05%, SR_pred=4.20, SR_chars=1.24, SR_contemp=9.32

  Training CA1 K=4...
    R²_total=22.33%, R²_pred=1.64%, SR_pred=3.39, SR_chars=1.24, SR_contemp=9.38

  Training CA1 K=5...
    R²_total=22.94%, R²_pred=0.33%, SR_pred=4.80, SR_chars=1.24, SR_contemp=9.49

  Training CA1 K=6...
    R²_total=21.86%, R²_pred=0.77%, SR_pred=5.56, SR_chars=1.24, SR_contemp=9.05

  Training CA2 K=1...
    R²_total=12.40%, R²_pred=0.19%, SR_pred=3.47, SR_chars=1.24, SR_contemp=3.20

  Training CA2 K=2...
    R²_total=22.11%, R²_pred=-0.95%, SR_pred=1.34, SR_chars=1.24, SR_contemp=9.22

  Training CA2 K=3...
    R²_total=24.62%, R²_pred=1.88%, SR_pred=1.54, SR_chars=1.24, SR_contemp=10.21

  Training CA2 K=4...
    R²_total=24.66%, R²_pred=-0.30%, SR_pred=4.94, SR_chars=1.24, SR_contemp=10.02

  Training CA2 K=5...
    R²_total=24.60%, R²_pred=0.68%, SR_pred=1.87, SR_chars=1.24, SR_contemp=10.16

  Training CA2 K=6...
    R²_total=25.25%, R²_pred=0.68%, SR_pred=3.24, SR_chars=1.24, SR_contemp=10.11

  Training CA3 K=1...
    R²_total=12.79%, R²_pred=0.01%, SR_pred=2.50, SR_chars=1.24, SR_contemp=3.19

  Training CA3 K=2...
    R²_total=22.61%, R²_pred=0.09%, SR_pred=0.16, SR_chars=1.24, SR_contemp=9.34

  Training CA3 K=3...
    R²_total=24.44%, R²_pred=2.79%, SR_pred=9.14, SR_chars=1.24, SR_contemp=10.33

  Training CA3 K=4...
    R²_total=24.54%, R²_pred=1.51%, SR_pred=2.01, SR_chars=1.24, SR_contemp=10.11

  Training CA3 K=5...
    R²_total=24.84%, R²_pred=2.76%, SR_pred=10.59, SR_chars=1.24, SR_contemp=10.20

  Training CA3 K=6...
    R²_total=24.96%, R²_pred=0.60%, SR_pred=7.20, SR_chars=1.24, SR_contemp=10.03

  Comparison saved to /scratch/network/lo8603/final_project/outputs/tables/model_comparison.csv

  Best model: CA2 K=6 (R²_total=25.25%)

  Retraining CA2 K=6 for extensions...

============================================================
  STEP 5: Extensions (Plans A & B)
  Model: CA2 K=6
============================================================

  Plan A: Anomaly scoring on residuals...

  Portfolio sort results:
 quintile        label  mean_return_monthly  std_return  sharpe_annual  n_months
        1  Low anomaly             0.006948    0.038959       0.617838       155
        2           Q2             0.006308    0.039998       0.546310       155
        3           Q3             0.006253    0.044702       0.484534       155
        4           Q4             0.005436    0.053323       0.353145       155
        5 High anomaly             0.003687    0.068557       0.186297       155
        0   High - Low            -0.003261    0.037711      -0.299596       155

  H-L significance (anomaly quintile sort)...
                test  mean_monthly      t_stat  p_value  significant_5pct
 Newey-West (lags=3)     -0.003261   -0.985739 0.324261             False
       i.i.d. t-test     -0.003261   -1.073262 0.284833             False
Wilcoxon signed-rank     -0.003261 5083.000000 0.085689             False

  H-L significance (predicted-return decile sort)...
                test  mean_monthly      t_stat      p_value  significant_5pct
 Newey-West (lags=3)      0.061694   11.177566 5.251058e-29              True
       i.i.d. t-test      0.061694   11.033290 3.422457e-21              True
Wilcoxon signed-rank      0.061694 1099.000000 1.605378e-18              True

  Predictive regression:
    intercept: -0.0051
    anomaly_coeff: -0.0053
    rhat_coeff: 1.0152
    anomaly_tstat_clustered: -4.7077
    rhat_tstat_clustered: 62.4755
    anomaly_pval: 0.0000
    rhat_pval: 0.0000
    r_squared: 0.2529
    n_obs: 1167208
    n_clusters: 155

  Transition analysis (low→high anomaly)...
  Transitions found: 320, Controls: 22056
                        group     n  mean_cum_ret      std  sharpe_annual
Low→High anomaly (transition)   320      0.057563 0.232656       0.349899
    Low→Low anomaly (control) 22056      0.027049 0.098223       0.389456
Transition − Control (spread)   320      0.011419 0.255521       0.063201

  Plan B: Energy regularization ablation...

  Energy λ=0, Disentangle γ=0

  Energy λ=0, Disentangle γ=0.0001

  Energy λ=0, Disentangle γ=0.001

  Energy λ=0, Disentangle γ=0.01

  Energy λ=0, Disentangle γ=0.1

  Energy λ=0.0001, Disentangle γ=0

  Energy λ=0.0001, Disentangle γ=0.0001

  Energy λ=0.0001, Disentangle γ=0.001

  Energy λ=0.0001, Disentangle γ=0.01

  Energy λ=0.0001, Disentangle γ=0.1

  Energy λ=0.001, Disentangle γ=0

  Energy λ=0.001, Disentangle γ=0.0001

  Energy λ=0.001, Disentangle γ=0.001

  Energy λ=0.001, Disentangle γ=0.01

  Energy λ=0.001, Disentangle γ=0.1

  Energy λ=0.01, Disentangle γ=0

  Energy λ=0.01, Disentangle γ=0.0001

  Energy λ=0.01, Disentangle γ=0.001

  Energy λ=0.01, Disentangle γ=0.01

  Energy λ=0.01, Disentangle γ=0.1

  Energy λ=0.1, Disentangle γ=0

  Energy λ=0.1, Disentangle γ=0.0001

  Energy λ=0.1, Disentangle γ=0.001

  Energy λ=0.1, Disentangle γ=0.01

  Energy λ=0.1, Disentangle γ=0.1

  Ablation results:
 energy_lambda  disentangle_gamma  r2_total  r2_pred  final_train_loss  final_val_loss
        0.0000             0.0000  0.245424 0.118802          0.021759        0.020969
        0.0000             0.0001  0.224015 0.096753          0.022012        0.022672
        0.0000             0.0010  0.235144 0.106564          0.021381        0.020810
        0.0000             0.0100  0.247121 0.123760          0.021455        0.021000
        0.0000             0.1000  0.245919 0.116840          0.021220        0.020632
        0.0001             0.0000  0.246223 0.121781          0.021624        0.020692
        0.0001             0.0001  0.236136 0.109563          0.021717        0.020968
        0.0001             0.0010  0.216590 0.091376          0.022365        0.021100
        0.0001             0.0100  0.248997 0.120717          0.021803        0.020857
        0.0001             0.1000  0.221590 0.099692          0.022003        0.020827
        0.0010             0.0000  0.246484 0.119647          0.021544        0.021013
        0.0010             0.0001  0.229831 0.107061          0.021489        0.020667
        0.0010             0.0010  0.243881 0.119653          0.021944        0.021136
        0.0010             0.0100  0.220477 0.100136          0.022105        0.020870
        0.0010             0.1000  0.231942 0.115256          0.021278        0.020848
        0.0100             0.0000  0.240579 0.117318          0.021353        0.021044
        0.0100             0.0001  0.242274 0.112353          0.021783        0.021196
        0.0100             0.0010  0.242072 0.110113          0.021795        0.021933
        0.0100             0.0100  0.253125 0.125317          0.021611        0.020766
        0.0100             0.1000  0.224290 0.101084          0.022273        0.022340
        0.1000             0.0000  0.223383 0.098027          0.022034        0.020892
        0.1000             0.0001  0.230909 0.104327          0.021646        0.021284
        0.1000             0.0010  0.226280 0.098491          0.021942        0.021153
        0.1000             0.0100  0.224733 0.100259          0.021843        0.021388
        0.1000             0.1000  0.220752 0.093244          0.022230        0.021139

============================================================
  STEP 6: Predictive Long-Short Backtest
  Model: CA2 K=6
============================================================
  Collecting training-period factor history...

  Running predictive long-short backtest...
  λ̂ window: 60 months (rolling)
  Training factor history: 408 months

  Performance Summary:
       strategy  ann_return  ann_vol    sharpe   sortino  max_drawdown    calmar  hit_rate  skewness  excess_kurtosis  n_months  mean_monthly  std_monthly
Long-Short (AE)    0.767361 0.236920  3.238907  2.470639     -0.252507  3.038971  0.878205 -1.028807         3.285861       156      0.063947     0.068393
 Chars-Only L/S    0.177570 0.142950  1.242182  1.139894     -0.322671  0.550314  0.705128 -0.507109         1.573965       156      0.014797     0.041266
      Long Only    0.357804 0.140016  2.555453  2.640111     -0.146926  2.435260  0.826923 -0.043448         0.984633       156      0.029817     0.040419
     Short Only   -0.409557 0.317072 -1.291683 -1.222071     -0.997971 -0.410389  0.294872  0.599384         2.125886       156     -0.034130     0.091531
    Market (EW)    0.069201 0.167011  0.414351  0.400849     -0.346760  0.199565  0.583333 -0.248159         2.655028       156      0.005767     0.048212

  Max drawdown: -25.3% at 202301.0

  Factor Alphas:
model  alpha_monthly  alpha_annual  alpha_tstat   alpha_pval  market_beta  r_squared
 CAPM       0.069427      0.833124     18.21774 3.732547e-74    -0.950323   0.448776

  Most frequently longed stocks (by permno):
 permno  n_months  mean_pred_ret  mean_actual_ret
  86755       156       0.003981         0.014295
  92922       156       0.002610         0.003040
  85765       156       0.003174         0.009549
  91952       156       0.001591         0.001054
  89467       156       0.003327         0.002483
  91933       156       0.003698         0.003142
  89848       156       0.002110         0.001027
  88222       156       0.002434         0.008058
  90448       156       0.003666         0.002364
  84398       156       0.005236         0.010254

  Most frequently shorted stocks (by permno):
 permno  n_months  mean_pred_ret  mean_actual_ret
  90098       153      -0.036620        -0.038888
  90288       152      -0.039914        -0.052050
  91742       150      -0.034253        -0.037036
  91615       149      -0.034142        -0.029103
  18148       149      -0.035049        -0.047674
  92091       148      -0.035403        -0.032150
  92130       145      -0.034645        -0.022484
  12488       144      -0.033354         0.007297
  88208       144      -0.035370        -0.035918
  92571       144      -0.038706        -0.085285

  Backtest tables saved to /scratch/network/lo8603/final_project/outputs/tables/

============================================================
  Done!
============================================================
Python exited with code 0
