Shell started on adroit-h11g3 at Sun May  3 06:31:27 PM EDT 2026
Starting Python...

============================================================
  STEP 1: Data Loading and Preprocessing
============================================================
  Loading processed panel from data/processed/panel_processed.parquet...
  4,221,335 stock-months, 91 characteristics
  Train: 2,640,591 obs (197201-200512)
  Val:   403,373 obs (200601-201012)
  Test:  1,177,371 obs (201101-202312)

  Converting to tensors...

============================================================
  STEP 2: Managed Portfolio Construction
============================================================

  Dataset sizes: train=2,640,591, val=403,373, test=1,177,371

============================================================
  STEP 3: Training CA2 with K=5
============================================================

  Training IPCA K=1...
    R²_total=3.19%, R²_pred=-0.03%, SR_pred=-5.21, SR_chars=1.24, SR_contemp=5.36

  Training IPCA K=2...
    R²_total=5.52%, R²_pred=0.29%, SR_pred=7.91, SR_chars=1.24, SR_contemp=7.12

  Training IPCA K=3...
    R²_total=5.93%, R²_pred=0.45%, SR_pred=2.48, SR_chars=1.24, SR_contemp=7.59

  Training IPCA K=4...
    R²_total=6.26%, R²_pred=1.39%, SR_pred=8.27, SR_chars=1.24, SR_contemp=7.61

  Training IPCA K=5...
    R²_total=6.32%, R²_pred=0.08%, SR_pred=1.11, SR_chars=1.24, SR_contemp=7.58

  Training IPCA K=6...
    R²_total=6.20%, R²_pred=0.25%, SR_pred=2.44, SR_chars=1.24, SR_contemp=7.48

  Training CA0 K=1...
    R²_total=11.76%, R²_pred=0.06%, SR_pred=1.64, SR_chars=1.24, SR_contemp=2.72

  Training CA0 K=2...
    R²_total=14.39%, R²_pred=0.37%, SR_pred=1.74, SR_chars=1.24, SR_contemp=6.47

  Training CA0 K=3...
    R²_total=15.02%, R²_pred=0.14%, SR_pred=3.44, SR_chars=1.24, SR_contemp=7.28

  Training CA0 K=4...
    R²_total=15.28%, R²_pred=0.89%, SR_pred=2.76, SR_chars=1.24, SR_contemp=7.39

  Training CA0 K=5...
    R²_total=15.23%, R²_pred=0.24%, SR_pred=4.67, SR_chars=1.24, SR_contemp=7.30

  Training CA0 K=6...
